+ cd /gpfsdswork/projects/rech/pzi/uju59ys/nnUNet
+ module purge
+ unset _mlshdbg
+ '[' 0 = 1 ']'
+ unset _mlre _mlIFS
+ '[' -n x ']'
+ _mlIFS=' 	
'
+ IFS=' '
+ for _mlv in ${MODULES_RUN_QUARANTINE:-}
+ '[' LD_LIBRARY_PATH = LD_LIBRARY_PATH -a LD_LIBRARY_PATH = LD_LIBRARY_PATH ']'
++ eval 'echo ${LD_LIBRARY_PATH+x}'
+++ echo x
+ '[' -n x ']'
++ eval 'echo ${LD_LIBRARY_PATH}'
+++ echo /gpfslocalsys/slurm/current/lib/slurm:/gpfslocalsys/slurm/current/lib
+ _mlre='LD_LIBRARY_PATH_modquar='\''/gpfslocalsys/slurm/current/lib/slurm:/gpfslocalsys/slurm/current/lib'\'' '
+ _mlrv=MODULES_RUNENV_LD_LIBRARY_PATH
++ eval 'echo ${MODULES_RUNENV_LD_LIBRARY_PATH:-}'
+++ echo
+ _mlre='LD_LIBRARY_PATH_modquar='\''/gpfslocalsys/slurm/current/lib/slurm:/gpfslocalsys/slurm/current/lib'\'' LD_LIBRARY_PATH='\'''\'' '
+ '[' -n 'LD_LIBRARY_PATH_modquar='\''/gpfslocalsys/slurm/current/lib/slurm:/gpfslocalsys/slurm/current/lib'\'' LD_LIBRARY_PATH='\'''\'' ' ']'
++ eval 'LD_LIBRARY_PATH_modquar='\''/gpfslocalsys/slurm/current/lib/slurm:/gpfslocalsys/slurm/current/lib'\''' 'LD_LIBRARY_PATH='\'''\''' /gpfslocalsup/spack_soft/tcl/8.6.8/gcc-4.8.5-5nqkfcnctewdheju62zvqbsonnzszr6m/bin/tclsh /gpfslocalsup/spack_soft/environment-modules/4.3.1/gcc-4.8.5-ism7cdy4xverxywj27jvjstqwk5oxe2v/libexec/modulecmd.tcl bash '"$@"'
+++ LD_LIBRARY_PATH_modquar=/gpfslocalsys/slurm/current/lib/slurm:/gpfslocalsys/slurm/current/lib
+++ LD_LIBRARY_PATH=
+++ /gpfslocalsup/spack_soft/tcl/8.6.8/gcc-4.8.5-5nqkfcnctewdheju62zvqbsonnzszr6m/bin/tclsh /gpfslocalsup/spack_soft/environment-modules/4.3.1/gcc-4.8.5-ism7cdy4xverxywj27jvjstqwk5oxe2v/libexec/modulecmd.tcl bash purge
+ eval
+ _mlstatus=0
+ '[' -n x ']'
+ IFS=' 	
'
+ unset _mlre _mlv _mlrv _mlIFS
+ '[' -n '' ']'
+ unset _mlshdbg
+ return 0
+ conda activate nnUnet_2
/var/spool/slurmd/job1232861/slurm_script: line 21: conda: command not found
+ srun nnUNet_predict -i /gpfswork/rech/pzi/uju59ys/nnUNet/nnUNet_raw_data_base/nnUNet_raw_data/Task001_SegVal_BrainTumor/imagesTs -o /gpfswork/rech/pzi/uju59ys/nnUNet/nnUNet_raw_data_base/nnUNet_raw_data/Task001_SegVal_BrainTumor/predict_2D -t 1 -m 2d
slurmstepd: error: execve(): nnUNet_predict: No such file or directory
srun: error: r11i0n3: task 0: Exited with exit code 2
srun: launch/slurm: _step_signal: Terminating StepId=1232861.0
+ wait
