+ cd /gpfsdswork/projects/rech/pzi/uju59ys/nnUNet
+ module purge
+ unset _mlshdbg
+ '[' 0 = 1 ']'
+ unset _mlre _mlIFS
+ '[' -n x ']'
+ _mlIFS=' 	
'
+ IFS=' '
+ for _mlv in ${MODULES_RUN_QUARANTINE:-}
+ '[' LD_LIBRARY_PATH = LD_LIBRARY_PATH -a LD_LIBRARY_PATH = LD_LIBRARY_PATH ']'
++ eval 'echo ${LD_LIBRARY_PATH+x}'
+++ echo x
+ '[' -n x ']'
++ eval 'echo ${LD_LIBRARY_PATH}'
+++ echo /gpfslocalsys/slurm/current/lib/slurm:/gpfslocalsys/slurm/current/lib
+ _mlre='LD_LIBRARY_PATH_modquar='\''/gpfslocalsys/slurm/current/lib/slurm:/gpfslocalsys/slurm/current/lib'\'' '
+ _mlrv=MODULES_RUNENV_LD_LIBRARY_PATH
++ eval 'echo ${MODULES_RUNENV_LD_LIBRARY_PATH:-}'
+++ echo
+ _mlre='LD_LIBRARY_PATH_modquar='\''/gpfslocalsys/slurm/current/lib/slurm:/gpfslocalsys/slurm/current/lib'\'' LD_LIBRARY_PATH='\'''\'' '
+ '[' -n 'LD_LIBRARY_PATH_modquar='\''/gpfslocalsys/slurm/current/lib/slurm:/gpfslocalsys/slurm/current/lib'\'' LD_LIBRARY_PATH='\'''\'' ' ']'
++ eval 'LD_LIBRARY_PATH_modquar='\''/gpfslocalsys/slurm/current/lib/slurm:/gpfslocalsys/slurm/current/lib'\''' 'LD_LIBRARY_PATH='\'''\''' /gpfslocalsup/spack_soft/tcl/8.6.8/gcc-4.8.5-5nqkfcnctewdheju62zvqbsonnzszr6m/bin/tclsh /gpfslocalsup/spack_soft/environment-modules/4.3.1/gcc-4.8.5-ism7cdy4xverxywj27jvjstqwk5oxe2v/libexec/modulecmd.tcl bash '"$@"'
+++ LD_LIBRARY_PATH_modquar=/gpfslocalsys/slurm/current/lib/slurm:/gpfslocalsys/slurm/current/lib
+++ LD_LIBRARY_PATH=
+++ /gpfslocalsup/spack_soft/tcl/8.6.8/gcc-4.8.5-5nqkfcnctewdheju62zvqbsonnzszr6m/bin/tclsh /gpfslocalsup/spack_soft/environment-modules/4.3.1/gcc-4.8.5-ism7cdy4xverxywj27jvjstqwk5oxe2v/libexec/modulecmd.tcl bash purge
+ eval unset '_LMFILES__modshare;
unset' 'LOADEDMODULES_modshare;
unset' 'MODULES_LMCONFLICT_modshare;
unset' '_LMFILES_;
unset' 'LOADEDMODULES;
unset' 'MODULES_LMCONFLICT;
test' '0;'
++ unset _LMFILES__modshare
++ unset LOADEDMODULES_modshare
++ unset MODULES_LMCONFLICT_modshare
++ unset _LMFILES_
++ unset LOADEDMODULES
++ unset MODULES_LMCONFLICT
++ test 0
+ _mlstatus=0
+ '[' -n x ']'
+ IFS=' 	
'
+ unset _mlre _mlv _mlrv _mlIFS
+ '[' -n '' ']'
+ unset _mlshdbg
+ return 0
+ conda activate nnUnet_2

CommandNotFoundError: Your shell has not been properly configured to use 'conda activate'.
To initialize your shell, run

    $ conda init <SHELL_NAME>

Currently supported shells are:
  - bash
  - fish
  - tcsh
  - xonsh
  - zsh
  - powershell

See 'conda init --help' for more information and options.

IMPORTANT: You may need to close and restart your shell after running 'conda init'.


+ source .bashrc
++ export nnUNet_raw_data_base=./nnUNet_raw_data_base
++ nnUNet_raw_data_base=./nnUNet_raw_data_base
++ export nnUNet_preprocessed=./nnUNet_preprocessed
++ nnUNet_preprocessed=./nnUNet_preprocessed
++ export RESULTS_FOLDER=./nnUNet_trained_models
++ RESULTS_FOLDER=./nnUNet_trained_models
+ srun nnUNet_plan_and_preprocess -t 1
+ srun nnUNet_train 2d nnUNetTrainerV2 1 0
srun: Job step aborted: Waiting up to 62 seconds for job step to finish.
slurmstepd: error: *** STEP 1129919.1 ON r10i4n5 CANCELLED AT 2022-12-01T01:49:45 ***
slurmstepd: error: *** JOB 1129919 ON r10i4n5 CANCELLED AT 2022-12-01T01:49:45 ***
